Rc files read:
  NONE
Latexmk: This is Latexmk, John Collins, 31 Jan. 2024. Version 4.83.
No existing .aux file, so I'll make a simple one, and require run of *latex.
Latexmk: applying rule 'pdflatex'...
Rule 'pdflatex':  Reasons for rerun
Category 'other':
  Rerun of 'pdflatex' forced or previously required:
    Reason or flag: 'Initial setup'

------------
Run number 1 of rule 'pdflatex'
------------
------------
Running 'pdflatex  -recorder --jobname="lectures"  "main.tex"'
------------
This is pdfTeX, Version 3.141592653-2.6-1.40.26 (TeX Live 2024) (preloaded format=pdflatex)
 restricted \write18 enabled.
entering extended mode
(./main.tex
LaTeX2e <2023-11-01> patch level 1
L3 programming layer <2024-02-20>
(/usr/local/texlive/2024/texmf-dist/tex/latex/base/report.cls
Document Class: report 2023/05/17 v1.4n Standard LaTeX document class
(/usr/local/texlive/2024/texmf-dist/tex/latex/base/size12.clo))
(/usr/local/texlive/2024/texmf-dist/tex/latex/base/inputenc.sty)
(/usr/local/texlive/2024/texmf-dist/tex/latex/base/fontenc.sty
(/usr/local/texlive/2024/texmf-dist/tex/latex/cyrillic/t2aenc.def
(/usr/local/texlive/2024/texmf-dist/tex/latex/base/t2aenc.dfu))
(/usr/local/texlive/2024/texmf-dist/tex/latex/cyrillic/t2acmr.fd))
(/usr/local/texlive/2024/texmf-dist/tex/generic/babel/babel.sty
(/usr/local/texlive/2024/texmf-dist/tex/generic/babel/txtbabel.def)
(/usr/local/texlive/2024/texmf-dist/tex/generic/babel-russian/russianb.ldf))
(/usr/local/texlive/2024/texmf-dist/tex/generic/babel/locale/ru/babel-russian.t
ex) (/usr/local/texlive/2024/texmf-dist/tex/latex/geometry/geometry.sty
(/usr/local/texlive/2024/texmf-dist/tex/latex/graphics/keyval.sty)
(/usr/local/texlive/2024/texmf-dist/tex/generic/iftex/ifvtex.sty
(/usr/local/texlive/2024/texmf-dist/tex/generic/iftex/iftex.sty)))
(/usr/local/texlive/2024/texmf-dist/tex/latex/amsmath/amsmath.sty
For additional information on amsmath, use the `?' option.
(/usr/local/texlive/2024/texmf-dist/tex/latex/amsmath/amstext.sty
(/usr/local/texlive/2024/texmf-dist/tex/latex/amsmath/amsgen.sty))
(/usr/local/texlive/2024/texmf-dist/tex/latex/amsmath/amsbsy.sty)
(/usr/local/texlive/2024/texmf-dist/tex/latex/amsmath/amsopn.sty))
(/usr/local/texlive/2024/texmf-dist/tex/latex/amsfonts/amssymb.sty
(/usr/local/texlive/2024/texmf-dist/tex/latex/amsfonts/amsfonts.sty))
(/usr/local/texlive/2024/texmf-dist/tex/latex/amscls/amsthm.sty)
(/usr/local/texlive/2024/texmf-dist/tex/latex/physics/physics.sty
(/usr/local/texlive/2024/texmf-dist/tex/latex/l3packages/xparse/xparse.sty
(/usr/local/texlive/2024/texmf-dist/tex/latex/l3kernel/expl3.sty
(/usr/local/texlive/2024/texmf-dist/tex/latex/l3backend/l3backend-pdftex.def)))
) (/usr/local/texlive/2024/texmf-dist/tex/latex/wrapfig/wrapfig.sty)
(/usr/local/texlive/2024/texmf-dist/tex/latex/float/float.sty)
(/usr/local/texlive/2024/texmf-dist/tex/latex/graphics/graphicx.sty
(/usr/local/texlive/2024/texmf-dist/tex/latex/graphics/graphics.sty
(/usr/local/texlive/2024/texmf-dist/tex/latex/graphics/trig.sty)
(/usr/local/texlive/2024/texmf-dist/tex/latex/graphics-cfg/graphics.cfg)
(/usr/local/texlive/2024/texmf-dist/tex/latex/graphics-def/pdftex.def)))
(/usr/local/texlive/2024/texmf-dist/tex/latex/tools/array.sty)
(/usr/local/texlive/2024/texmf-dist/tex/latex/multirow/multirow.sty)
(/usr/local/texlive/2024/texmf-dist/tex/latex/tools/longtable.sty)
(/usr/local/texlive/2024/texmf-dist/tex/latex/hyperref/hyperref.sty
(/usr/local/texlive/2024/texmf-dist/tex/latex/kvsetkeys/kvsetkeys.sty)
(/usr/local/texlive/2024/texmf-dist/tex/generic/kvdefinekeys/kvdefinekeys.sty)
(/usr/local/texlive/2024/texmf-dist/tex/generic/pdfescape/pdfescape.sty
(/usr/local/texlive/2024/texmf-dist/tex/generic/ltxcmds/ltxcmds.sty)
(/usr/local/texlive/2024/texmf-dist/tex/generic/pdftexcmds/pdftexcmds.sty
(/usr/local/texlive/2024/texmf-dist/tex/generic/infwarerr/infwarerr.sty)))
(/usr/local/texlive/2024/texmf-dist/tex/latex/hycolor/hycolor.sty)
(/usr/local/texlive/2024/texmf-dist/tex/latex/auxhook/auxhook.sty)
(/usr/local/texlive/2024/texmf-dist/tex/latex/hyperref/nameref.sty
(/usr/local/texlive/2024/texmf-dist/tex/latex/refcount/refcount.sty)
(/usr/local/texlive/2024/texmf-dist/tex/generic/gettitlestring/gettitlestring.s
ty (/usr/local/texlive/2024/texmf-dist/tex/latex/kvoptions/kvoptions.sty)))
(/usr/local/texlive/2024/texmf-dist/tex/latex/etoolbox/etoolbox.sty)
(/usr/local/texlive/2024/texmf-dist/tex/latex/hyperref/pd1enc.def)
(/usr/local/texlive/2024/texmf-dist/tex/generic/intcalc/intcalc.sty)
(/usr/local/texlive/2024/texmf-dist/tex/latex/hyperref/puenc.def)
(/usr/local/texlive/2024/texmf-dist/tex/latex/url/url.sty)
(/usr/local/texlive/2024/texmf-dist/tex/generic/bitset/bitset.sty
(/usr/local/texlive/2024/texmf-dist/tex/generic/bigintcalc/bigintcalc.sty))
(/usr/local/texlive/2024/texmf-dist/tex/latex/base/atbegshi-ltx.sty))
(/usr/local/texlive/2024/texmf-dist/tex/latex/hyperref/hpdftex.def
(/usr/local/texlive/2024/texmf-dist/tex/latex/base/atveryend-ltx.sty)
(/usr/local/texlive/2024/texmf-dist/tex/latex/rerunfilecheck/rerunfilecheck.sty

(/usr/local/texlive/2024/texmf-dist/tex/generic/uniquecounter/uniquecounter.sty
))) (/usr/local/texlive/2024/texmf-dist/tex/latex/titlesec/titlesec.sty)
(./lectures.aux)
*geometry* driver: auto-detecting
*geometry* detected driver: pdftex
(/usr/local/texlive/2024/texmf-dist/tex/context/base/mkii/supp-pdf.mkii
[Loading MPS to PDF converter (version 2006.09.02).]
) (/usr/local/texlive/2024/texmf-dist/tex/latex/epstopdf-pkg/epstopdf-base.sty
(/usr/local/texlive/2024/texmf-dist/tex/latex/latexconfig/epstopdf-sys.cfg))
(/usr/local/texlive/2024/texmf-dist/tex/latex/graphics/color.sty
(/usr/local/texlive/2024/texmf-dist/tex/latex/graphics-cfg/color.cfg)
(/usr/local/texlive/2024/texmf-dist/tex/latex/graphics/mathcolor.ltx)) [1{/usr/
local/texlive/2024/texmf-var/fonts/map/pdftex/updmap/pdftex.map}{/usr/local/tex
live/2024/texmf-dist/fonts/enc/dvips/cm-super/cm-super-t2a.enc} <./pictures/tit
le.png>]
No file lectures.toc.

pdfTeX warning (ext4): destination with the same identifier (name{page.1}) has 
been already used, duplicate ignored
<to be read again> 
                   \relax 
l.46 \chapter
             {РСЃС‚РѕСЂРёСЏ Рё С„РёР»РѕСЃРѕС„РёСЏ РЅР°СѓРєРё РєР°Рє РЅР°СѓС...
[1]
Р›РµРєС†РёСЏ 1.
(./lectures/lect1.tex
Overfull \hbox (4.71225pt too wide) in paragraph at lines 1--1
|[]\T2A/cmr/bx/n/17.28 Философия на-у-ки, ее объ-ект, пред-мет и струк-
[2] [3{/usr/local/texlive/2024/texmf-dist/fonts/enc/dvips/cm-super/cm-super-ts1
.enc}] [4]
Overfull \hbox (6.32628pt too wide) in paragraph at lines 109--109
\T2A/cmr/bx/n/17.28 ний в ХХ ве-ке в кон-тек-сте научно-технической

Overfull \hbox (2.33748pt too wide) in paragraph at lines 117--117
\T2A/cmr/bx/n/14.4 раз-ви-тия на-у-ки в XX ве-ке. По-ня-тие научно-техничес-
(/usr/local/texlive/2024/texmf-dist/tex/latex/amsfonts/umsa.fd)
(/usr/local/texlive/2024/texmf-dist/tex/latex/amsfonts/umsb.fd) [5] [6]
(/usr/local/texlive/2024/texmf-dist/tex/latex/cyrillic/t2acmtt.fd)
Overfull \hbox (1.54704pt too wide) in paragraph at lines 194--196
[]\T2A/cmtt/m/n/12 Хельсинская декларация Всемирной медицинской организации (19
64 г.)\T2A/cmr/m/n/12 .

Overfull \hbox (15.26678pt too wide) in paragraph at lines 201--202
[]\T2A/cmtt/m/n/12 Конвенции о правах человека и биомедицине\T2A/cmr/m/n/12 . С
фор-му-ли-ро-ван прин-цип необ-

Overfull \hbox (5.0801pt too wide) in paragraph at lines 201--202
\T2A/cmr/m/n/12 хо-ди-мо-сти эти-че-ских ко-ми-те-тов, осу-ществ-ля-ю-щих неза-
ви-си-мую экс-пер-ти-зу обос-
) [7] [8]
Р›РµРєС†РёСЏ 2.
(./lectures/lect2.tex [9]
Overfull \hbox (6.71742pt too wide) in paragraph at lines 54--57
[]\T2A/cmr/m/n/12 рациональные об-ра-зы (тео-ре-ти-че-ское вос-при-я-тие осо-бе
н-но-стей клас-са пред-
[10] [11] [12] [13] [14]
Overfull \hbox (1.33044pt too wide) in paragraph at lines 281--282
[]\T2A/cmr/m/n/12 Фундаментальная на-у-ка ха-рак-те-ри-зу-ет-ся кон-цеп-ту-аль-
ной уни-вер-саль-но-стью
[15] [16]
Overfull \hbox (1.32355pt too wide) in paragraph at lines 398--399
\T2A/cmr/m/n/12 К ним от-но-сят-ся на-уч-ная кар-ти-на ми-ра, на-уч-ная па-ра-д
иг-ма, об-ще-на-уч-ные прин-
[17]) [18]
Р›РµРєС†РёСЏ 3.
(./lectures/lect3.tex
Overfull \hbox (1.51901pt too wide) in paragraph at lines 3--3
|[]\T2A/cmr/bx/n/14.4 Понятие ком-му-ни-ка-ции, ста-тус ком-му-ни-ка-ции в рам-

[19]
Underfull \hbox (badness 2961) in paragraph at lines 85--85
[]|\T2A/cmr/m/n/12 Конференции, лек-ции, тео-ре-

Underfull \hbox (badness 1748) in paragraph at lines 86--86
[]|\T2A/cmr/m/n/12 Стажировки, по-вы-ше-ние ква-

Underfull \hbox (badness 1436) in paragraph at lines 86--86
[]|\T2A/cmr/m/n/12 Интерактивные иг-ро-вые фор-
[20] [21] [22] [23] [24] [25]
Overfull \hbox (14.7171pt too wide) in paragraph at lines 679--681
[]\T2A/cmr/m/n/12 микроуровень (ис-сле-до-ва-ние на-уч-ных кол-лек-ти-вов: их ф
ор-ми-ро-ва-ние, управ-

Overfull \hbox (5.57529pt too wide) in paragraph at lines 682--683
[]\T2A/cmr/m/n/12 макроуровень (ка-ко-ва внут-рен-няя струк-ту-ра на-уч-ных учр
е-жде-ний и иерар-

Overfull \hbox (3.10612pt too wide) in paragraph at lines 707--707
|[]\T2A/cmr/bx/n/14.4 Понятие со-ци-аль-но-го ин-сти-ту-та. Го-су-дар-ствен-ная
 ор-
[26]
Underfull \hbox (badness 10000) in paragraph at lines 771--771
[]|\T2A/cmr/bx/n/12 Модель от-но-ше-

Underfull \hbox (badness 10000) in paragraph at lines 775--775
[]|\T2A/cmr/m/n/12 Наука су-ще-ству-ет

Underfull \hbox (badness 3058) in paragraph at lines 775--775
\T2A/cmr/m/n/12 аб-со-лют-но сво-бод-но

Underfull \hbox (badness 10000) in paragraph at lines 777--777
[]|\T2A/cmr/m/n/12 Нет ор-га-ни-за-ции,

Underfull \hbox (badness 10000) in paragraph at lines 777--777
\T2A/cmr/m/n/12 един-ства, фи-нан-си-

Underfull \hbox (badness 10000) in paragraph at lines 779--779
[]|\T2A/cmr/m/n/12 Власть под-чи-ня-ет

Underfull \hbox (badness 10000) in paragraph at lines 780--780
[]|\T2A/cmr/m/n/12 Организация, фи-

Underfull \hbox (badness 10000) in paragraph at lines 780--780
\T2A/cmr/m/n/12 нан-си-ро-ва-ние угод-

Underfull \hbox (badness 6204) in paragraph at lines 781--781
\T2A/cmr/m/n/12 нуж-де-ние, необъ-ек-

Underfull \hbox (badness 10000) in paragraph at lines 783--783
[]|\T2A/cmr/m/n/12 Умеренное со-от-но-

Underfull \hbox (badness 2173) in paragraph at lines 783--783
\T2A/cmr/m/n/12 ше-ние, гар-мо-нич-ное

Underfull \hbox (badness 10000) in paragraph at lines 783--783
\T2A/cmr/m/n/12 со-су-ще-ство-ва-ние

Underfull \hbox (badness 2310) in paragraph at lines 784--784
[]|\T2A/cmr/m/n/12 Гос. под-держ-ка ис-

Underfull \hbox (badness 10000) in paragraph at lines 784--784
\T2A/cmr/m/n/12 сле-до-ва-ний, управ-

Underfull \hbox (badness 1490) in paragraph at lines 784--784
\T2A/cmr/m/n/12 ле-ние/нужные го-су-

Underfull \hbox (badness 10000) in paragraph at lines 785--785
[]|\T2A/cmr/m/n/12 Неполная сво-бо-да

Underfull \hbox (badness 10000) in paragraph at lines 785--785
\T2A/cmr/m/n/12 (вы-пол-не-ние гос-

Underfull \hbox (badness 4205) in paragraph at lines 785--785
\T2A/cmr/m/n/12 за-ка-за), рас-хо-ды и

Underfull \hbox (badness 10000) in paragraph at lines 786--786
[]|\T2A/cmr/m/n/12 Приспосабливаться,

Underfull \hbox (badness 10000) in paragraph at lines 786--786
\T2A/cmr/m/n/12 от-ста-и-вая боль-ше

Overfull \hbox (78.4527pt too wide) in paragraph at lines 769--789
 [][] 
[27] [28]
Overfull \hbox (2.15202pt too wide) in paragraph at lines 942--943
[]\T2A/cmr/m/n/12 Благополучие несколь-ких лю-дей пе-ре-ве-ши-ва-ет бла-го-по-л
у-чие од-но-го. То есть,

Overfull \hbox (21.55865pt too wide) in paragraph at lines 944--946
[]\T2A/cmr/m/n/12 Как эти-че-скую си-сте-му, ути-ли-та-ризм кон-цеп-ту-а-ли-зи-
ро-вал бри-тан-ский философ-
[29] [30]
Overfull \hbox (0.19244pt too wide) in paragraph at lines 1145--1148
\T2A/cmr/m/n/12 ин-тер-пре-та-ции ре-зуль-та-тов, вы-пол-не-ние долж-ност-ных о
бя-зан-но-стей и т.д.; 

Overfull \hbox (5.24893pt too wide) in paragraph at lines 1152--1153
\T2A/cmr/m/n/12 по-след-ствий ис-поль-зо-ва-ния ре-зуль-та-тов про-ве-ден-но-го
 ис-сле-до-ва-ния на бла-
) [31] [32]
Р›РµРєС†РёСЏ 4.
(./lectures/lect4.tex
Overfull \hbox (10.1891pt too wide) in paragraph at lines 29--29
\T2A/cmr/m/n/12 Классифицируют 

Overfull \vbox (176.25014pt too high) detected at line 29

Underfull \hbox (badness 10000) in paragraph at lines 30--30
[]|\T2A/cmr/m/n/12 Осмысленная \T2A/cmr/bx/n/12 де-я-

Underfull \hbox (badness 3579) in paragraph at lines 31--31
[]|\T2A/cmr/m/n/12 Совокупность ма-те-

Underfull \hbox (badness 3364) in paragraph at lines 31--31
\T2A/cmr/m/n/12 ри-аль-ных и ду-хов-

Underfull \hbox (badness 10000) in paragraph at lines 31--31
\T2A/cmr/m/n/12 ных \T2A/cmr/bx/n/12 до-сти-же-ний

Underfull \hbox (badness 10000) in paragraph at lines 32--33
[]|\T2A/cmr/m/n/12 Совокупность \T2A/cmr/bx/n/12 цен-

Underfull \hbox (badness 10000) in paragraph at lines 32--33
\T2A/cmr/bx/n/12 но-стей \T2A/cmr/m/n/12 че-ло-ве-ка

Underfull \hbox (badness 2221) in paragraph at lines 34--34
[]|\T2A/cmr/bx/n/12 Общность лю-дей\T2A/cmr/m/n/12 ,

Underfull \hbox (badness 10000) in paragraph at lines 34--34
\T2A/cmr/m/n/12 ха-рак-те-ри-зу-ю-ща-я-ся

Underfull \hbox (badness 10000) in paragraph at lines 34--34
\T2A/cmr/m/n/12 спе-ци-фи-че-ски-ми

Underfull \hbox (badness 1448) in paragraph at lines 34--34
\T2A/cmr/m/n/12 ше-ния, тип куль-ту-

Underfull \hbox (badness 10000) in paragraph at lines 34--34
\T2A/cmr/m/n/12 рам-ки, эко-ном. и
[33]
Overfull \hbox (3.28627pt too wide) in paragraph at lines 97--102
[]\T2A/cmr/m/n/12 В слу-чае нераз-ли-че-ния куль-ту-ры и ци-ви-ли-за-ции, ис-сл
е-до-ва-те-ли обыч-но скон-
[34] [35] [36]
Overfull \hbox (17.29395pt too wide) in paragraph at lines 386--387
[] []\T2A/cmr/bx/n/12 По-че-му не ука-за-на идео-ло-гия?[] \T2A/cmr/m/n/12 Идео
-ло-гия обыч-но вклю-ча-ет опи-са-ние устрой-
[37]
Overfull \hbox (12.18356pt too wide) in paragraph at lines 511--511
|[]\T2A/cmr/bx/n/14.4 Взаимодействие на-у-ки и дру-гих ви-дов куль-ту-ры (миф,
[38 <./pictures/sciphil.png> <./pictures/scirel.png>]
Overfull \hbox (17.52858pt too wide) in paragraph at lines 827--827
|[]\T2A/cmr/bx/n/17.28 Культурно-исторический кон-текст раз-ви-тия на-

Overfull \hbox (40.23543pt too wide) in paragraph at lines 827--827
\T2A/cmr/bx/n/17.28 че-ские, гно-сео-ло-ги-че-ские, этико-аксиологические)| 
[39 <./pictures/sciart.png>] [40 <./pictures/hz.png>] [41]
Overfull \hbox (0.51865pt too wide) in paragraph at lines 1469--1470
[]\T2A/cmr/m/n/12 Эстетика ин-те-ре-су-ет-ся пре-крас-ным, ко-то-рое мож-но уви
-деть, услы-шать, ощу-
[42 <./pictures/med.png>]) [43] (./lectures.aux)

LaTeX Warning: Label(s) may have changed. Rerun to get cross-references right.


Package rerunfilecheck Warning: File `lectures.out' has changed.
(rerunfilecheck)                Rerun to get outlines right
(rerunfilecheck)                or use package `bookmark'.

 )
(see the transcript file for additional information)</usr/local/texlive/2024/te
xmf-dist/fonts/type1/public/amsfonts/cm/cmr12.pfb></usr/local/texlive/2024/texm
f-dist/fonts/type1/public/amsfonts/cm/cmr8.pfb></usr/local/texlive/2024/texmf-d
ist/fonts/type1/public/amsfonts/cm/cmsy10.pfb></usr/local/texlive/2024/texmf-di
st/fonts/type1/public/cm-super/sfbx1200.pfb></usr/local/texlive/2024/texmf-dist
/fonts/type1/public/cm-super/sfbx1440.pfb></usr/local/texlive/2024/texmf-dist/f
onts/type1/public/cm-super/sfbx1728.pfb></usr/local/texlive/2024/texmf-dist/fon
ts/type1/public/cm-super/sfbx2074.pfb></usr/local/texlive/2024/texmf-dist/fonts
/type1/public/cm-super/sfbx2488.pfb></usr/local/texlive/2024/texmf-dist/fonts/t
ype1/public/cm-super/sfrm1200.pfb></usr/local/texlive/2024/texmf-dist/fonts/typ
e1/public/cm-super/sfti1200.pfb></usr/local/texlive/2024/texmf-dist/fonts/type1
/public/cm-super/sftt1200.pfb>
Output written on lectures.pdf (44 pages, 5240948 bytes).
Transcript written on lectures.log.
Latexmk: Missing input file 'lectures.toc' (or dependence on it) from following:
  No file lectures.toc.
Latexmk: Getting log file 'lectures.log'
Latexmk: Examining 'lectures.fls'
Latexmk: Examining 'lectures.log'
Latexmk: References changed.
Latexmk: References changed.
Latexmk: Log file says output to 'lectures.pdf'
Latexmk: applying rule 'pdflatex'...
Rule 'pdflatex':  Reasons for rerun
Changed files or newly in use/created:
  lectures.aux
  lectures.out
  lectures.toc

------------
Run number 2 of rule 'pdflatex'
------------
------------
Running 'pdflatex  -recorder --jobname="lectures"  "main.tex"'
------------
This is pdfTeX, Version 3.141592653-2.6-1.40.26 (TeX Live 2024) (preloaded format=pdflatex)
 restricted \write18 enabled.
entering extended mode
(./main.tex
LaTeX2e <2023-11-01> patch level 1
L3 programming layer <2024-02-20>
(/usr/local/texlive/2024/texmf-dist/tex/latex/base/report.cls
Document Class: report 2023/05/17 v1.4n Standard LaTeX document class
(/usr/local/texlive/2024/texmf-dist/tex/latex/base/size12.clo))
(/usr/local/texlive/2024/texmf-dist/tex/latex/base/inputenc.sty)
(/usr/local/texlive/2024/texmf-dist/tex/latex/base/fontenc.sty
(/usr/local/texlive/2024/texmf-dist/tex/latex/cyrillic/t2aenc.def
(/usr/local/texlive/2024/texmf-dist/tex/latex/base/t2aenc.dfu))
(/usr/local/texlive/2024/texmf-dist/tex/latex/cyrillic/t2acmr.fd))
(/usr/local/texlive/2024/texmf-dist/tex/generic/babel/babel.sty
(/usr/local/texlive/2024/texmf-dist/tex/generic/babel/txtbabel.def)
(/usr/local/texlive/2024/texmf-dist/tex/generic/babel-russian/russianb.ldf))
(/usr/local/texlive/2024/texmf-dist/tex/generic/babel/locale/ru/babel-russian.t
ex) (/usr/local/texlive/2024/texmf-dist/tex/latex/geometry/geometry.sty
(/usr/local/texlive/2024/texmf-dist/tex/latex/graphics/keyval.sty)
(/usr/local/texlive/2024/texmf-dist/tex/generic/iftex/ifvtex.sty
(/usr/local/texlive/2024/texmf-dist/tex/generic/iftex/iftex.sty)))
(/usr/local/texlive/2024/texmf-dist/tex/latex/amsmath/amsmath.sty
For additional information on amsmath, use the `?' option.
(/usr/local/texlive/2024/texmf-dist/tex/latex/amsmath/amstext.sty
(/usr/local/texlive/2024/texmf-dist/tex/latex/amsmath/amsgen.sty))
(/usr/local/texlive/2024/texmf-dist/tex/latex/amsmath/amsbsy.sty)
(/usr/local/texlive/2024/texmf-dist/tex/latex/amsmath/amsopn.sty))
(/usr/local/texlive/2024/texmf-dist/tex/latex/amsfonts/amssymb.sty
(/usr/local/texlive/2024/texmf-dist/tex/latex/amsfonts/amsfonts.sty))
(/usr/local/texlive/2024/texmf-dist/tex/latex/amscls/amsthm.sty)
(/usr/local/texlive/2024/texmf-dist/tex/latex/physics/physics.sty
(/usr/local/texlive/2024/texmf-dist/tex/latex/l3packages/xparse/xparse.sty
(/usr/local/texlive/2024/texmf-dist/tex/latex/l3kernel/expl3.sty
(/usr/local/texlive/2024/texmf-dist/tex/latex/l3backend/l3backend-pdftex.def)))
) (/usr/local/texlive/2024/texmf-dist/tex/latex/wrapfig/wrapfig.sty)
(/usr/local/texlive/2024/texmf-dist/tex/latex/float/float.sty)
(/usr/local/texlive/2024/texmf-dist/tex/latex/graphics/graphicx.sty
(/usr/local/texlive/2024/texmf-dist/tex/latex/graphics/graphics.sty
(/usr/local/texlive/2024/texmf-dist/tex/latex/graphics/trig.sty)
(/usr/local/texlive/2024/texmf-dist/tex/latex/graphics-cfg/graphics.cfg)
(/usr/local/texlive/2024/texmf-dist/tex/latex/graphics-def/pdftex.def)))
(/usr/local/texlive/2024/texmf-dist/tex/latex/tools/array.sty)
(/usr/local/texlive/2024/texmf-dist/tex/latex/multirow/multirow.sty)
(/usr/local/texlive/2024/texmf-dist/tex/latex/tools/longtable.sty)
(/usr/local/texlive/2024/texmf-dist/tex/latex/hyperref/hyperref.sty
(/usr/local/texlive/2024/texmf-dist/tex/latex/kvsetkeys/kvsetkeys.sty)
(/usr/local/texlive/2024/texmf-dist/tex/generic/kvdefinekeys/kvdefinekeys.sty)
(/usr/local/texlive/2024/texmf-dist/tex/generic/pdfescape/pdfescape.sty
(/usr/local/texlive/2024/texmf-dist/tex/generic/ltxcmds/ltxcmds.sty)
(/usr/local/texlive/2024/texmf-dist/tex/generic/pdftexcmds/pdftexcmds.sty
(/usr/local/texlive/2024/texmf-dist/tex/generic/infwarerr/infwarerr.sty)))
(/usr/local/texlive/2024/texmf-dist/tex/latex/hycolor/hycolor.sty)
(/usr/local/texlive/2024/texmf-dist/tex/latex/auxhook/auxhook.sty)
(/usr/local/texlive/2024/texmf-dist/tex/latex/hyperref/nameref.sty
(/usr/local/texlive/2024/texmf-dist/tex/latex/refcount/refcount.sty)
(/usr/local/texlive/2024/texmf-dist/tex/generic/gettitlestring/gettitlestring.s
ty (/usr/local/texlive/2024/texmf-dist/tex/latex/kvoptions/kvoptions.sty)))
(/usr/local/texlive/2024/texmf-dist/tex/latex/etoolbox/etoolbox.sty)
(/usr/local/texlive/2024/texmf-dist/tex/latex/hyperref/pd1enc.def)
(/usr/local/texlive/2024/texmf-dist/tex/generic/intcalc/intcalc.sty)
(/usr/local/texlive/2024/texmf-dist/tex/latex/hyperref/puenc.def)
(/usr/local/texlive/2024/texmf-dist/tex/latex/url/url.sty)
(/usr/local/texlive/2024/texmf-dist/tex/generic/bitset/bitset.sty
(/usr/local/texlive/2024/texmf-dist/tex/generic/bigintcalc/bigintcalc.sty))
(/usr/local/texlive/2024/texmf-dist/tex/latex/base/atbegshi-ltx.sty))
(/usr/local/texlive/2024/texmf-dist/tex/latex/hyperref/hpdftex.def
(/usr/local/texlive/2024/texmf-dist/tex/latex/base/atveryend-ltx.sty)
(/usr/local/texlive/2024/texmf-dist/tex/latex/rerunfilecheck/rerunfilecheck.sty

(/usr/local/texlive/2024/texmf-dist/tex/generic/uniquecounter/uniquecounter.sty
))) (/usr/local/texlive/2024/texmf-dist/tex/latex/titlesec/titlesec.sty)
(./lectures.aux)
*geometry* driver: auto-detecting
*geometry* detected driver: pdftex
(/usr/local/texlive/2024/texmf-dist/tex/context/base/mkii/supp-pdf.mkii
[Loading MPS to PDF converter (version 2006.09.02).]
) (/usr/local/texlive/2024/texmf-dist/tex/latex/epstopdf-pkg/epstopdf-base.sty
(/usr/local/texlive/2024/texmf-dist/tex/latex/latexconfig/epstopdf-sys.cfg))
(/usr/local/texlive/2024/texmf-dist/tex/latex/graphics/color.sty
(/usr/local/texlive/2024/texmf-dist/tex/latex/graphics-cfg/color.cfg)
(/usr/local/texlive/2024/texmf-dist/tex/latex/graphics/mathcolor.ltx))
(./lectures.out) (./lectures.out) [1{/usr/local/texlive/2024/texmf-var/fonts/ma
p/pdftex/updmap/pdftex.map}{/usr/local/texlive/2024/texmf-dist/fonts/enc/dvips/
cm-super/cm-super-t2a.enc} <./pictures/title.png>] (./lectures.toc
(/usr/local/texlive/2024/texmf-dist/tex/latex/amsfonts/umsa.fd)
(/usr/local/texlive/2024/texmf-dist/tex/latex/amsfonts/umsb.fd)
Overfull \hbox (3.38213pt too wide) in paragraph at lines 42--42
 [][] [][][]\T2A/cmr/m/n/12 Сравнительная ха-рак-те-ри-сти-ка на-уч-но-го и обы
-ден-но-го зна- 

pdfTeX warning (ext4): destination with the same identifier (name{page.1}) has 
been already used, duplicate ignored
<to be read again> 
                   \relax 
l.73 ...јРјСѓРЅРёРєР°С†РёРё}{21}{subsection.3.1.4}
                                                  % [1]
Overfull \hbox (21.49733pt too wide) in paragraph at lines 118--118
 [][] [][][]\T2A/cmr/m/n/12 !!! Си-сте-ма фи-ло-соф-ских ос-но-ва-ний и культур
но--исторический 
) [2]
Р›РµРєС†РёСЏ 1.
(./lectures/lect1.tex
Overfull \hbox (4.71225pt too wide) in paragraph at lines 1--1
|[]\T2A/cmr/bx/n/17.28 Философия на-у-ки, ее объ-ект, пред-мет и струк-
[3] [4{/usr/local/texlive/2024/texmf-dist/fonts/enc/dvips/cm-super/cm-super-ts1
.enc}] [5]
Overfull \hbox (6.32628pt too wide) in paragraph at lines 109--109
\T2A/cmr/bx/n/17.28 ний в ХХ ве-ке в кон-тек-сте научно-технической

Overfull \hbox (2.33748pt too wide) in paragraph at lines 117--117
\T2A/cmr/bx/n/14.4 раз-ви-тия на-у-ки в XX ве-ке. По-ня-тие научно-техничес-
[6] [7] (/usr/local/texlive/2024/texmf-dist/tex/latex/cyrillic/t2acmtt.fd)
Overfull \hbox (1.54704pt too wide) in paragraph at lines 194--196
[]\T2A/cmtt/m/n/12 Хельсинская декларация Всемирной медицинской организации (19
64 г.)\T2A/cmr/m/n/12 .

Overfull \hbox (15.26678pt too wide) in paragraph at lines 201--202
[]\T2A/cmtt/m/n/12 Конвенции о правах человека и биомедицине\T2A/cmr/m/n/12 . С
фор-му-ли-ро-ван прин-цип необ-

Overfull \hbox (5.0801pt too wide) in paragraph at lines 201--202
\T2A/cmr/m/n/12 хо-ди-мо-сти эти-че-ских ко-ми-те-тов, осу-ществ-ля-ю-щих неза-
ви-си-мую экс-пер-ти-зу обос-
) [8] [9]
Р›РµРєС†РёСЏ 2.
(./lectures/lect2.tex [10]
Overfull \hbox (6.71742pt too wide) in paragraph at lines 54--57
[]\T2A/cmr/m/n/12 рациональные об-ра-зы (тео-ре-ти-че-ское вос-при-я-тие осо-бе
н-но-стей клас-са пред-
[11] [12] [13] [14] [15]
Overfull \hbox (1.33044pt too wide) in paragraph at lines 281--282
[]\T2A/cmr/m/n/12 Фундаментальная на-у-ка ха-рак-те-ри-зу-ет-ся кон-цеп-ту-аль-
ной уни-вер-саль-но-стью
[16] [17]
Overfull \hbox (1.32355pt too wide) in paragraph at lines 398--399
\T2A/cmr/m/n/12 К ним от-но-сят-ся на-уч-ная кар-ти-на ми-ра, на-уч-ная па-ра-д
иг-ма, об-ще-на-уч-ные прин-
[18]) [19]
Р›РµРєС†РёСЏ 3.
(./lectures/lect3.tex
Overfull \hbox (1.51901pt too wide) in paragraph at lines 3--3
|[]\T2A/cmr/bx/n/14.4 Понятие ком-му-ни-ка-ции, ста-тус ком-му-ни-ка-ции в рам-

[20]
Underfull \hbox (badness 2961) in paragraph at lines 85--85
[]|\T2A/cmr/m/n/12 Конференции, лек-ции, тео-ре-

Underfull \hbox (badness 1748) in paragraph at lines 86--86
[]|\T2A/cmr/m/n/12 Стажировки, по-вы-ше-ние ква-

Underfull \hbox (badness 1436) in paragraph at lines 86--86
[]|\T2A/cmr/m/n/12 Интерактивные иг-ро-вые фор-
[21] [22] [23] [24] [25] [26]
Overfull \hbox (14.7171pt too wide) in paragraph at lines 679--681
[]\T2A/cmr/m/n/12 микроуровень (ис-сле-до-ва-ние на-уч-ных кол-лек-ти-вов: их ф
ор-ми-ро-ва-ние, управ-

Overfull \hbox (5.57529pt too wide) in paragraph at lines 682--683
[]\T2A/cmr/m/n/12 макроуровень (ка-ко-ва внут-рен-няя струк-ту-ра на-уч-ных учр
е-жде-ний и иерар-

Overfull \hbox (3.10612pt too wide) in paragraph at lines 707--707
|[]\T2A/cmr/bx/n/14.4 Понятие со-ци-аль-но-го ин-сти-ту-та. Го-су-дар-ствен-ная
 ор-
[27]
Underfull \hbox (badness 10000) in paragraph at lines 771--771
[]|\T2A/cmr/bx/n/12 Модель от-но-ше-

Underfull \hbox (badness 10000) in paragraph at lines 775--775
[]|\T2A/cmr/m/n/12 Наука су-ще-ству-ет

Underfull \hbox (badness 3058) in paragraph at lines 775--775
\T2A/cmr/m/n/12 аб-со-лют-но сво-бод-но

Underfull \hbox (badness 10000) in paragraph at lines 777--777
[]|\T2A/cmr/m/n/12 Нет ор-га-ни-за-ции,

Underfull \hbox (badness 10000) in paragraph at lines 777--777
\T2A/cmr/m/n/12 един-ства, фи-нан-си-

Underfull \hbox (badness 10000) in paragraph at lines 779--779
[]|\T2A/cmr/m/n/12 Власть под-чи-ня-ет

Underfull \hbox (badness 10000) in paragraph at lines 780--780
[]|\T2A/cmr/m/n/12 Организация, фи-

Underfull \hbox (badness 10000) in paragraph at lines 780--780
\T2A/cmr/m/n/12 нан-си-ро-ва-ние угод-

Underfull \hbox (badness 6204) in paragraph at lines 781--781
\T2A/cmr/m/n/12 нуж-де-ние, необъ-ек-

Underfull \hbox (badness 10000) in paragraph at lines 783--783
[]|\T2A/cmr/m/n/12 Умеренное со-от-но-

Underfull \hbox (badness 2173) in paragraph at lines 783--783
\T2A/cmr/m/n/12 ше-ние, гар-мо-нич-ное

Underfull \hbox (badness 10000) in paragraph at lines 783--783
\T2A/cmr/m/n/12 со-су-ще-ство-ва-ние

Underfull \hbox (badness 2310) in paragraph at lines 784--784
[]|\T2A/cmr/m/n/12 Гос. под-держ-ка ис-

Underfull \hbox (badness 10000) in paragraph at lines 784--784
\T2A/cmr/m/n/12 сле-до-ва-ний, управ-

Underfull \hbox (badness 1490) in paragraph at lines 784--784
\T2A/cmr/m/n/12 ле-ние/нужные го-су-

Underfull \hbox (badness 10000) in paragraph at lines 785--785
[]|\T2A/cmr/m/n/12 Неполная сво-бо-да

Underfull \hbox (badness 10000) in paragraph at lines 785--785
\T2A/cmr/m/n/12 (вы-пол-не-ние гос-

Underfull \hbox (badness 4205) in paragraph at lines 785--785
\T2A/cmr/m/n/12 за-ка-за), рас-хо-ды и

Underfull \hbox (badness 10000) in paragraph at lines 786--786
[]|\T2A/cmr/m/n/12 Приспосабливаться,

Underfull \hbox (badness 10000) in paragraph at lines 786--786
\T2A/cmr/m/n/12 от-ста-и-вая боль-ше

Overfull \hbox (78.4527pt too wide) in paragraph at lines 769--789
 [][] 
[28] [29]
Overfull \hbox (2.15202pt too wide) in paragraph at lines 942--943
[]\T2A/cmr/m/n/12 Благополучие несколь-ких лю-дей пе-ре-ве-ши-ва-ет бла-го-по-л
у-чие од-но-го. То есть,

Overfull \hbox (21.55865pt too wide) in paragraph at lines 944--946
[]\T2A/cmr/m/n/12 Как эти-че-скую си-сте-му, ути-ли-та-ризм кон-цеп-ту-а-ли-зи-
ро-вал бри-тан-ский философ-
[30] [31]
Overfull \hbox (0.19244pt too wide) in paragraph at lines 1145--1148
\T2A/cmr/m/n/12 ин-тер-пре-та-ции ре-зуль-та-тов, вы-пол-не-ние долж-ност-ных о
бя-зан-но-стей и т.д.; 

Overfull \hbox (5.24893pt too wide) in paragraph at lines 1152--1153
\T2A/cmr/m/n/12 по-след-ствий ис-поль-зо-ва-ния ре-зуль-та-тов про-ве-ден-но-го
 ис-сле-до-ва-ния на бла-
) [32] [33]
Р›РµРєС†РёСЏ 4.
(./lectures/lect4.tex
Overfull \hbox (10.1891pt too wide) in paragraph at lines 29--29
\T2A/cmr/m/n/12 Классифицируют 

Overfull \vbox (176.25014pt too high) detected at line 29

Underfull \hbox (badness 10000) in paragraph at lines 30--30
[]|\T2A/cmr/m/n/12 Осмысленная \T2A/cmr/bx/n/12 де-я-

Underfull \hbox (badness 3579) in paragraph at lines 31--31
[]|\T2A/cmr/m/n/12 Совокупность ма-те-

Underfull \hbox (badness 3364) in paragraph at lines 31--31
\T2A/cmr/m/n/12 ри-аль-ных и ду-хов-

Underfull \hbox (badness 10000) in paragraph at lines 31--31
\T2A/cmr/m/n/12 ных \T2A/cmr/bx/n/12 до-сти-же-ний

Underfull \hbox (badness 10000) in paragraph at lines 32--33
[]|\T2A/cmr/m/n/12 Совокупность \T2A/cmr/bx/n/12 цен-

Underfull \hbox (badness 10000) in paragraph at lines 32--33
\T2A/cmr/bx/n/12 но-стей \T2A/cmr/m/n/12 че-ло-ве-ка

Underfull \hbox (badness 2221) in paragraph at lines 34--34
[]|\T2A/cmr/bx/n/12 Общность лю-дей\T2A/cmr/m/n/12 ,

Underfull \hbox (badness 10000) in paragraph at lines 34--34
\T2A/cmr/m/n/12 ха-рак-те-ри-зу-ю-ща-я-ся

Underfull \hbox (badness 10000) in paragraph at lines 34--34
\T2A/cmr/m/n/12 спе-ци-фи-че-ски-ми

Underfull \hbox (badness 1448) in paragraph at lines 34--34
\T2A/cmr/m/n/12 ше-ния, тип куль-ту-

Underfull \hbox (badness 10000) in paragraph at lines 34--34
\T2A/cmr/m/n/12 рам-ки, эко-ном. и
[34]
Overfull \hbox (3.28627pt too wide) in paragraph at lines 97--102
[]\T2A/cmr/m/n/12 В слу-чае нераз-ли-че-ния куль-ту-ры и ци-ви-ли-за-ции, ис-сл
е-до-ва-те-ли обыч-но скон-
[35] [36] [37]
Overfull \hbox (17.29395pt too wide) in paragraph at lines 386--387
[] []\T2A/cmr/bx/n/12 По-че-му не ука-за-на идео-ло-гия?[] \T2A/cmr/m/n/12 Идео
-ло-гия обыч-но вклю-ча-ет опи-са-ние устрой-
[38]
Overfull \hbox (12.18356pt too wide) in paragraph at lines 511--511
|[]\T2A/cmr/bx/n/14.4 Взаимодействие на-у-ки и дру-гих ви-дов куль-ту-ры (миф,
[39 <./pictures/sciphil.png> <./pictures/scirel.png>]
Overfull \hbox (17.52858pt too wide) in paragraph at lines 827--827
|[]\T2A/cmr/bx/n/17.28 Культурно-исторический кон-текст раз-ви-тия на-

Overfull \hbox (40.23543pt too wide) in paragraph at lines 827--827
\T2A/cmr/bx/n/17.28 че-ские, гно-сео-ло-ги-че-ские, этико-аксиологические)| 
[40 <./pictures/sciart.png>] [41 <./pictures/hz.png>] [42]
Overfull \hbox (0.51865pt too wide) in paragraph at lines 1469--1470
[]\T2A/cmr/m/n/12 Эстетика ин-те-ре-су-ет-ся пре-крас-ным, ко-то-рое мож-но уви
-деть, услы-шать, ощу-
[43 <./pictures/med.png>]) [44] (./lectures.aux)

LaTeX Warning: Label(s) may have changed. Rerun to get cross-references right.

 )
(see the transcript file for additional information)</usr/local/texlive/2024/te
xmf-dist/fonts/type1/public/amsfonts/cm/cmr12.pfb></usr/local/texlive/2024/texm
f-dist/fonts/type1/public/amsfonts/cm/cmr8.pfb></usr/local/texlive/2024/texmf-d
ist/fonts/type1/public/amsfonts/cm/cmsy10.pfb></usr/local/texlive/2024/texmf-di
st/fonts/type1/public/cm-super/sfbx1200.pfb></usr/local/texlive/2024/texmf-dist
/fonts/type1/public/cm-super/sfbx1440.pfb></usr/local/texlive/2024/texmf-dist/f
onts/type1/public/cm-super/sfbx1728.pfb></usr/local/texlive/2024/texmf-dist/fon
ts/type1/public/cm-super/sfbx2074.pfb></usr/local/texlive/2024/texmf-dist/fonts
/type1/public/cm-super/sfbx2488.pfb></usr/local/texlive/2024/texmf-dist/fonts/t
ype1/public/cm-super/sfrm1200.pfb></usr/local/texlive/2024/texmf-dist/fonts/typ
e1/public/cm-super/sfti1200.pfb></usr/local/texlive/2024/texmf-dist/fonts/type1
/public/cm-super/sftt1200.pfb>
Output written on lectures.pdf (45 pages, 5251470 bytes).
Transcript written on lectures.log.
Latexmk: Getting log file 'lectures.log'
Latexmk: Examining 'lectures.fls'
Latexmk: Examining 'lectures.log'
Latexmk: References changed.
Latexmk: Log file says output to 'lectures.pdf'
Latexmk: applying rule 'pdflatex'...
Rule 'pdflatex':  Reasons for rerun
Changed files or newly in use/created:
  lectures.aux
  lectures.toc

------------
Run number 3 of rule 'pdflatex'
------------
------------
Running 'pdflatex  -recorder --jobname="lectures"  "main.tex"'
------------
This is pdfTeX, Version 3.141592653-2.6-1.40.26 (TeX Live 2024) (preloaded format=pdflatex)
 restricted \write18 enabled.
entering extended mode
(./main.tex
LaTeX2e <2023-11-01> patch level 1
L3 programming layer <2024-02-20>
(/usr/local/texlive/2024/texmf-dist/tex/latex/base/report.cls
Document Class: report 2023/05/17 v1.4n Standard LaTeX document class
(/usr/local/texlive/2024/texmf-dist/tex/latex/base/size12.clo))
(/usr/local/texlive/2024/texmf-dist/tex/latex/base/inputenc.sty)
(/usr/local/texlive/2024/texmf-dist/tex/latex/base/fontenc.sty
(/usr/local/texlive/2024/texmf-dist/tex/latex/cyrillic/t2aenc.def
(/usr/local/texlive/2024/texmf-dist/tex/latex/base/t2aenc.dfu))
(/usr/local/texlive/2024/texmf-dist/tex/latex/cyrillic/t2acmr.fd))
(/usr/local/texlive/2024/texmf-dist/tex/generic/babel/babel.sty
(/usr/local/texlive/2024/texmf-dist/tex/generic/babel/txtbabel.def)
(/usr/local/texlive/2024/texmf-dist/tex/generic/babel-russian/russianb.ldf))
(/usr/local/texlive/2024/texmf-dist/tex/generic/babel/locale/ru/babel-russian.t
ex) (/usr/local/texlive/2024/texmf-dist/tex/latex/geometry/geometry.sty
(/usr/local/texlive/2024/texmf-dist/tex/latex/graphics/keyval.sty)
(/usr/local/texlive/2024/texmf-dist/tex/generic/iftex/ifvtex.sty
(/usr/local/texlive/2024/texmf-dist/tex/generic/iftex/iftex.sty)))
(/usr/local/texlive/2024/texmf-dist/tex/latex/amsmath/amsmath.sty
For additional information on amsmath, use the `?' option.
(/usr/local/texlive/2024/texmf-dist/tex/latex/amsmath/amstext.sty
(/usr/local/texlive/2024/texmf-dist/tex/latex/amsmath/amsgen.sty))
(/usr/local/texlive/2024/texmf-dist/tex/latex/amsmath/amsbsy.sty)
(/usr/local/texlive/2024/texmf-dist/tex/latex/amsmath/amsopn.sty))
(/usr/local/texlive/2024/texmf-dist/tex/latex/amsfonts/amssymb.sty
(/usr/local/texlive/2024/texmf-dist/tex/latex/amsfonts/amsfonts.sty))
(/usr/local/texlive/2024/texmf-dist/tex/latex/amscls/amsthm.sty)
(/usr/local/texlive/2024/texmf-dist/tex/latex/physics/physics.sty
(/usr/local/texlive/2024/texmf-dist/tex/latex/l3packages/xparse/xparse.sty
(/usr/local/texlive/2024/texmf-dist/tex/latex/l3kernel/expl3.sty
(/usr/local/texlive/2024/texmf-dist/tex/latex/l3backend/l3backend-pdftex.def)))
) (/usr/local/texlive/2024/texmf-dist/tex/latex/wrapfig/wrapfig.sty)
(/usr/local/texlive/2024/texmf-dist/tex/latex/float/float.sty)
(/usr/local/texlive/2024/texmf-dist/tex/latex/graphics/graphicx.sty
(/usr/local/texlive/2024/texmf-dist/tex/latex/graphics/graphics.sty
(/usr/local/texlive/2024/texmf-dist/tex/latex/graphics/trig.sty)
(/usr/local/texlive/2024/texmf-dist/tex/latex/graphics-cfg/graphics.cfg)
(/usr/local/texlive/2024/texmf-dist/tex/latex/graphics-def/pdftex.def)))
(/usr/local/texlive/2024/texmf-dist/tex/latex/tools/array.sty)
(/usr/local/texlive/2024/texmf-dist/tex/latex/multirow/multirow.sty)
(/usr/local/texlive/2024/texmf-dist/tex/latex/tools/longtable.sty)
(/usr/local/texlive/2024/texmf-dist/tex/latex/hyperref/hyperref.sty
(/usr/local/texlive/2024/texmf-dist/tex/latex/kvsetkeys/kvsetkeys.sty)
(/usr/local/texlive/2024/texmf-dist/tex/generic/kvdefinekeys/kvdefinekeys.sty)
(/usr/local/texlive/2024/texmf-dist/tex/generic/pdfescape/pdfescape.sty
(/usr/local/texlive/2024/texmf-dist/tex/generic/ltxcmds/ltxcmds.sty)
(/usr/local/texlive/2024/texmf-dist/tex/generic/pdftexcmds/pdftexcmds.sty
(/usr/local/texlive/2024/texmf-dist/tex/generic/infwarerr/infwarerr.sty)))
(/usr/local/texlive/2024/texmf-dist/tex/latex/hycolor/hycolor.sty)
(/usr/local/texlive/2024/texmf-dist/tex/latex/auxhook/auxhook.sty)
(/usr/local/texlive/2024/texmf-dist/tex/latex/hyperref/nameref.sty
(/usr/local/texlive/2024/texmf-dist/tex/latex/refcount/refcount.sty)
(/usr/local/texlive/2024/texmf-dist/tex/generic/gettitlestring/gettitlestring.s
ty (/usr/local/texlive/2024/texmf-dist/tex/latex/kvoptions/kvoptions.sty)))
(/usr/local/texlive/2024/texmf-dist/tex/latex/etoolbox/etoolbox.sty)
(/usr/local/texlive/2024/texmf-dist/tex/latex/hyperref/pd1enc.def)
(/usr/local/texlive/2024/texmf-dist/tex/generic/intcalc/intcalc.sty)
(/usr/local/texlive/2024/texmf-dist/tex/latex/hyperref/puenc.def)
(/usr/local/texlive/2024/texmf-dist/tex/latex/url/url.sty)
(/usr/local/texlive/2024/texmf-dist/tex/generic/bitset/bitset.sty
(/usr/local/texlive/2024/texmf-dist/tex/generic/bigintcalc/bigintcalc.sty))
(/usr/local/texlive/2024/texmf-dist/tex/latex/base/atbegshi-ltx.sty))
(/usr/local/texlive/2024/texmf-dist/tex/latex/hyperref/hpdftex.def
(/usr/local/texlive/2024/texmf-dist/tex/latex/base/atveryend-ltx.sty)
(/usr/local/texlive/2024/texmf-dist/tex/latex/rerunfilecheck/rerunfilecheck.sty

(/usr/local/texlive/2024/texmf-dist/tex/generic/uniquecounter/uniquecounter.sty
))) (/usr/local/texlive/2024/texmf-dist/tex/latex/titlesec/titlesec.sty)
(./lectures.aux)
*geometry* driver: auto-detecting
*geometry* detected driver: pdftex
(/usr/local/texlive/2024/texmf-dist/tex/context/base/mkii/supp-pdf.mkii
[Loading MPS to PDF converter (version 2006.09.02).]
) (/usr/local/texlive/2024/texmf-dist/tex/latex/epstopdf-pkg/epstopdf-base.sty
(/usr/local/texlive/2024/texmf-dist/tex/latex/latexconfig/epstopdf-sys.cfg))
(/usr/local/texlive/2024/texmf-dist/tex/latex/graphics/color.sty
(/usr/local/texlive/2024/texmf-dist/tex/latex/graphics-cfg/color.cfg)
(/usr/local/texlive/2024/texmf-dist/tex/latex/graphics/mathcolor.ltx))
(./lectures.out) (./lectures.out) [1{/usr/local/texlive/2024/texmf-var/fonts/ma
p/pdftex/updmap/pdftex.map}{/usr/local/texlive/2024/texmf-dist/fonts/enc/dvips/
cm-super/cm-super-t2a.enc} <./pictures/title.png>] (./lectures.toc
(/usr/local/texlive/2024/texmf-dist/tex/latex/amsfonts/umsa.fd)
(/usr/local/texlive/2024/texmf-dist/tex/latex/amsfonts/umsb.fd)
Overfull \hbox (3.38213pt too wide) in paragraph at lines 42--42
 [][] [][][]\T2A/cmr/m/n/12 Сравнительная ха-рак-те-ри-сти-ка на-уч-но-го и обы
-ден-но-го зна- 

pdfTeX warning (ext4): destination with the same identifier (name{page.1}) has 
been already used, duplicate ignored
<to be read again> 
                   \relax 
l.73 ...јРјСѓРЅРёРєР°С†РёРё}{22}{subsection.3.1.4}
                                                  % [1]
Overfull \hbox (21.49733pt too wide) in paragraph at lines 118--118
 [][] [][][]\T2A/cmr/m/n/12 !!! Си-сте-ма фи-ло-соф-ских ос-но-ва-ний и культур
но--исторический 
) [2]
Р›РµРєС†РёСЏ 1.
(./lectures/lect1.tex
Overfull \hbox (4.71225pt too wide) in paragraph at lines 1--1
|[]\T2A/cmr/bx/n/17.28 Философия на-у-ки, ее объ-ект, пред-мет и струк-
[3] [4{/usr/local/texlive/2024/texmf-dist/fonts/enc/dvips/cm-super/cm-super-ts1
.enc}] [5]
Overfull \hbox (6.32628pt too wide) in paragraph at lines 109--109
\T2A/cmr/bx/n/17.28 ний в ХХ ве-ке в кон-тек-сте научно-технической

Overfull \hbox (2.33748pt too wide) in paragraph at lines 117--117
\T2A/cmr/bx/n/14.4 раз-ви-тия на-у-ки в XX ве-ке. По-ня-тие научно-техничес-
[6] [7] (/usr/local/texlive/2024/texmf-dist/tex/latex/cyrillic/t2acmtt.fd)
Overfull \hbox (1.54704pt too wide) in paragraph at lines 194--196
[]\T2A/cmtt/m/n/12 Хельсинская декларация Всемирной медицинской организации (19
64 г.)\T2A/cmr/m/n/12 .

Overfull \hbox (15.26678pt too wide) in paragraph at lines 201--202
[]\T2A/cmtt/m/n/12 Конвенции о правах человека и биомедицине\T2A/cmr/m/n/12 . С
фор-му-ли-ро-ван прин-цип необ-

Overfull \hbox (5.0801pt too wide) in paragraph at lines 201--202
\T2A/cmr/m/n/12 хо-ди-мо-сти эти-че-ских ко-ми-те-тов, осу-ществ-ля-ю-щих неза-
ви-си-мую экс-пер-ти-зу обос-
) [8] [9]
Р›РµРєС†РёСЏ 2.
(./lectures/lect2.tex [10]
Overfull \hbox (6.71742pt too wide) in paragraph at lines 54--57
[]\T2A/cmr/m/n/12 рациональные об-ра-зы (тео-ре-ти-че-ское вос-при-я-тие осо-бе
н-но-стей клас-са пред-
[11] [12] [13] [14] [15]
Overfull \hbox (1.33044pt too wide) in paragraph at lines 281--282
[]\T2A/cmr/m/n/12 Фундаментальная на-у-ка ха-рак-те-ри-зу-ет-ся кон-цеп-ту-аль-
ной уни-вер-саль-но-стью
[16] [17]
Overfull \hbox (1.32355pt too wide) in paragraph at lines 398--399
\T2A/cmr/m/n/12 К ним от-но-сят-ся на-уч-ная кар-ти-на ми-ра, на-уч-ная па-ра-д
иг-ма, об-ще-на-уч-ные прин-
[18]) [19]
Р›РµРєС†РёСЏ 3.
(./lectures/lect3.tex
Overfull \hbox (1.51901pt too wide) in paragraph at lines 3--3
|[]\T2A/cmr/bx/n/14.4 Понятие ком-му-ни-ка-ции, ста-тус ком-му-ни-ка-ции в рам-

[20]
Underfull \hbox (badness 2961) in paragraph at lines 85--85
[]|\T2A/cmr/m/n/12 Конференции, лек-ции, тео-ре-

Underfull \hbox (badness 1748) in paragraph at lines 86--86
[]|\T2A/cmr/m/n/12 Стажировки, по-вы-ше-ние ква-

Underfull \hbox (badness 1436) in paragraph at lines 86--86
[]|\T2A/cmr/m/n/12 Интерактивные иг-ро-вые фор-
[21] [22] [23] [24] [25] [26]
Overfull \hbox (14.7171pt too wide) in paragraph at lines 679--681
[]\T2A/cmr/m/n/12 микроуровень (ис-сле-до-ва-ние на-уч-ных кол-лек-ти-вов: их ф
ор-ми-ро-ва-ние, управ-

Overfull \hbox (5.57529pt too wide) in paragraph at lines 682--683
[]\T2A/cmr/m/n/12 макроуровень (ка-ко-ва внут-рен-няя струк-ту-ра на-уч-ных учр
е-жде-ний и иерар-

Overfull \hbox (3.10612pt too wide) in paragraph at lines 707--707
|[]\T2A/cmr/bx/n/14.4 Понятие со-ци-аль-но-го ин-сти-ту-та. Го-су-дар-ствен-ная
 ор-
[27]
Underfull \hbox (badness 10000) in paragraph at lines 771--771
[]|\T2A/cmr/bx/n/12 Модель от-но-ше-

Underfull \hbox (badness 10000) in paragraph at lines 775--775
[]|\T2A/cmr/m/n/12 Наука су-ще-ству-ет

Underfull \hbox (badness 3058) in paragraph at lines 775--775
\T2A/cmr/m/n/12 аб-со-лют-но сво-бод-но

Underfull \hbox (badness 10000) in paragraph at lines 777--777
[]|\T2A/cmr/m/n/12 Нет ор-га-ни-за-ции,

Underfull \hbox (badness 10000) in paragraph at lines 777--777
\T2A/cmr/m/n/12 един-ства, фи-нан-си-

Underfull \hbox (badness 10000) in paragraph at lines 779--779
[]|\T2A/cmr/m/n/12 Власть под-чи-ня-ет

Underfull \hbox (badness 10000) in paragraph at lines 780--780
[]|\T2A/cmr/m/n/12 Организация, фи-

Underfull \hbox (badness 10000) in paragraph at lines 780--780
\T2A/cmr/m/n/12 нан-си-ро-ва-ние угод-

Underfull \hbox (badness 6204) in paragraph at lines 781--781
\T2A/cmr/m/n/12 нуж-де-ние, необъ-ек-

Underfull \hbox (badness 10000) in paragraph at lines 783--783
[]|\T2A/cmr/m/n/12 Умеренное со-от-но-

Underfull \hbox (badness 2173) in paragraph at lines 783--783
\T2A/cmr/m/n/12 ше-ние, гар-мо-нич-ное

Underfull \hbox (badness 10000) in paragraph at lines 783--783
\T2A/cmr/m/n/12 со-су-ще-ство-ва-ние

Underfull \hbox (badness 2310) in paragraph at lines 784--784
[]|\T2A/cmr/m/n/12 Гос. под-держ-ка ис-

Underfull \hbox (badness 10000) in paragraph at lines 784--784
\T2A/cmr/m/n/12 сле-до-ва-ний, управ-

Underfull \hbox (badness 1490) in paragraph at lines 784--784
\T2A/cmr/m/n/12 ле-ние/нужные го-су-

Underfull \hbox (badness 10000) in paragraph at lines 785--785
[]|\T2A/cmr/m/n/12 Неполная сво-бо-да

Underfull \hbox (badness 10000) in paragraph at lines 785--785
\T2A/cmr/m/n/12 (вы-пол-не-ние гос-

Underfull \hbox (badness 4205) in paragraph at lines 785--785
\T2A/cmr/m/n/12 за-ка-за), рас-хо-ды и

Underfull \hbox (badness 10000) in paragraph at lines 786--786
[]|\T2A/cmr/m/n/12 Приспосабливаться,

Underfull \hbox (badness 10000) in paragraph at lines 786--786
\T2A/cmr/m/n/12 от-ста-и-вая боль-ше

Overfull \hbox (78.4527pt too wide) in paragraph at lines 769--789
 [][] 
[28] [29]
Overfull \hbox (2.15202pt too wide) in paragraph at lines 942--943
[]\T2A/cmr/m/n/12 Благополучие несколь-ких лю-дей пе-ре-ве-ши-ва-ет бла-го-по-л
у-чие од-но-го. То есть,

Overfull \hbox (21.55865pt too wide) in paragraph at lines 944--946
[]\T2A/cmr/m/n/12 Как эти-че-скую си-сте-му, ути-ли-та-ризм кон-цеп-ту-а-ли-зи-
ро-вал бри-тан-ский философ-
[30] [31]
Overfull \hbox (0.19244pt too wide) in paragraph at lines 1145--1148
\T2A/cmr/m/n/12 ин-тер-пре-та-ции ре-зуль-та-тов, вы-пол-не-ние долж-ност-ных о
бя-зан-но-стей и т.д.; 

Overfull \hbox (5.24893pt too wide) in paragraph at lines 1152--1153
\T2A/cmr/m/n/12 по-след-ствий ис-поль-зо-ва-ния ре-зуль-та-тов про-ве-ден-но-го
 ис-сле-до-ва-ния на бла-
) [32] [33]
Р›РµРєС†РёСЏ 4.
(./lectures/lect4.tex
Overfull \hbox (10.1891pt too wide) in paragraph at lines 29--29
\T2A/cmr/m/n/12 Классифицируют 

Overfull \vbox (176.25014pt too high) detected at line 29

Underfull \hbox (badness 10000) in paragraph at lines 30--30
[]|\T2A/cmr/m/n/12 Осмысленная \T2A/cmr/bx/n/12 де-я-

Underfull \hbox (badness 3579) in paragraph at lines 31--31
[]|\T2A/cmr/m/n/12 Совокупность ма-те-

Underfull \hbox (badness 3364) in paragraph at lines 31--31
\T2A/cmr/m/n/12 ри-аль-ных и ду-хов-

Underfull \hbox (badness 10000) in paragraph at lines 31--31
\T2A/cmr/m/n/12 ных \T2A/cmr/bx/n/12 до-сти-же-ний

Underfull \hbox (badness 10000) in paragraph at lines 32--33
[]|\T2A/cmr/m/n/12 Совокупность \T2A/cmr/bx/n/12 цен-

Underfull \hbox (badness 10000) in paragraph at lines 32--33
\T2A/cmr/bx/n/12 но-стей \T2A/cmr/m/n/12 че-ло-ве-ка

Underfull \hbox (badness 2221) in paragraph at lines 34--34
[]|\T2A/cmr/bx/n/12 Общность лю-дей\T2A/cmr/m/n/12 ,

Underfull \hbox (badness 10000) in paragraph at lines 34--34
\T2A/cmr/m/n/12 ха-рак-те-ри-зу-ю-ща-я-ся

Underfull \hbox (badness 10000) in paragraph at lines 34--34
\T2A/cmr/m/n/12 спе-ци-фи-че-ски-ми

Underfull \hbox (badness 1448) in paragraph at lines 34--34
\T2A/cmr/m/n/12 ше-ния, тип куль-ту-

Underfull \hbox (badness 10000) in paragraph at lines 34--34
\T2A/cmr/m/n/12 рам-ки, эко-ном. и
[34]
Overfull \hbox (3.28627pt too wide) in paragraph at lines 97--102
[]\T2A/cmr/m/n/12 В слу-чае нераз-ли-че-ния куль-ту-ры и ци-ви-ли-за-ции, ис-сл
е-до-ва-те-ли обыч-но скон-
[35] [36] [37]
Overfull \hbox (17.29395pt too wide) in paragraph at lines 386--387
[] []\T2A/cmr/bx/n/12 По-че-му не ука-за-на идео-ло-гия?[] \T2A/cmr/m/n/12 Идео
-ло-гия обыч-но вклю-ча-ет опи-са-ние устрой-
[38]
Overfull \hbox (12.18356pt too wide) in paragraph at lines 511--511
|[]\T2A/cmr/bx/n/14.4 Взаимодействие на-у-ки и дру-гих ви-дов куль-ту-ры (миф,
[39 <./pictures/sciphil.png> <./pictures/scirel.png>]
Overfull \hbox (17.52858pt too wide) in paragraph at lines 827--827
|[]\T2A/cmr/bx/n/17.28 Культурно-исторический кон-текст раз-ви-тия на-

Overfull \hbox (40.23543pt too wide) in paragraph at lines 827--827
\T2A/cmr/bx/n/17.28 че-ские, гно-сео-ло-ги-че-ские, этико-аксиологические)| 
[40 <./pictures/sciart.png>] [41 <./pictures/hz.png>] [42]
Overfull \hbox (0.51865pt too wide) in paragraph at lines 1469--1470
[]\T2A/cmr/m/n/12 Эстетика ин-те-ре-су-ет-ся пре-крас-ным, ко-то-рое мож-но уви
-деть, услы-шать, ощу-
[43 <./pictures/med.png>]) [44] (./lectures.aux) )
(see the transcript file for additional information)</usr/local/texlive/2024/te
xmf-dist/fonts/type1/public/amsfonts/cm/cmr12.pfb></usr/local/texlive/2024/texm
f-dist/fonts/type1/public/amsfonts/cm/cmr8.pfb></usr/local/texlive/2024/texmf-d
ist/fonts/type1/public/amsfonts/cm/cmsy10.pfb></usr/local/texlive/2024/texmf-di
st/fonts/type1/public/cm-super/sfbx1200.pfb></usr/local/texlive/2024/texmf-dist
/fonts/type1/public/cm-super/sfbx1440.pfb></usr/local/texlive/2024/texmf-dist/f
onts/type1/public/cm-super/sfbx1728.pfb></usr/local/texlive/2024/texmf-dist/fon
ts/type1/public/cm-super/sfbx2074.pfb></usr/local/texlive/2024/texmf-dist/fonts
/type1/public/cm-super/sfbx2488.pfb></usr/local/texlive/2024/texmf-dist/fonts/t
ype1/public/cm-super/sfrm1200.pfb></usr/local/texlive/2024/texmf-dist/fonts/typ
e1/public/cm-super/sfti1200.pfb></usr/local/texlive/2024/texmf-dist/fonts/type1
/public/cm-super/sftt1200.pfb>
Output written on lectures.pdf (45 pages, 5251472 bytes).
Transcript written on lectures.log.
Latexmk: Getting log file 'lectures.log'
Latexmk: Examining 'lectures.fls'
Latexmk: Examining 'lectures.log'
Latexmk: Log file says output to 'lectures.pdf'
Latexmk: All targets (lectures.pdf) are up-to-date

